<?xml version="1.0" encoding="UTF-8"?>
<!-- Generated by org.testng.reporters.JUnitXMLReporter -->
<testsuite ignored="0" hostname="DESKTOP-DHJEVHR" failures="1" tests="1" name="ChromeTest" time="4.302" errors="0" timestamp="2023-04-29T18:40:40 IST">
  <testcase classname="com.TestNGBasics.LearningParameters" name="paraDemo" time="4.193">
    <failure type="org.openqa.selenium.SessionNotCreatedException" message="session not created: This version of ChromeDriver only supports Chrome version 110
Current browser version is 112.0.5615.138 with binary path C:\Program Files\Google\Chrome\Application\chrome.exe
Build info: version: &amp;apos;3.141.59&amp;apos;, revision: &amp;apos;e82be7d358&amp;apos;, time: &amp;apos;2018-11-14T08:17:03&amp;apos;
System info: host: &amp;apos;DESKTOP-DHJEVHR&amp;apos;, ip: &amp;apos;192.168.1.5&amp;apos;, os.name: &amp;apos;Windows 10&amp;apos;, os.arch: &amp;apos;amd64&amp;apos;, os.version: &amp;apos;10.0&amp;apos;, java.version: &amp;apos;17.0.1&amp;apos;
Driver info: driver.version: ChromeDriver
remote stacktrace: Backtrace:
	(No symbol) [0x005637D3]
	(No symbol) [0x004F8B81]
	(No symbol) [0x003FB36D]
	(No symbol) [0x0041ED6D]
	(No symbol) [0x00419B90]
	(No symbol) [0x00416FC9]
	(No symbol) [0x00451ED5]
	(No symbol) [0x00451B2C]
	(No symbol) [0x0044B216]
	(No symbol) [0x00420D97]
	(No symbol) [0x0042253D]
	GetHandleVerifier [0x007DABF2+2510930]
	GetHandleVerifier [0x00808EC1+2700065]
	GetHandleVerifier [0x0080C86C+2714828]
	GetHandleVerifier [0x00613480+645344]
	(No symbol) [0x00500FD2]
	(No symbol) [0x00506C68]
	(No symbol) [0x00506D4B]
	(No symbol) [0x00510D6B]
	BaseThreadInitThunk [0x775F3744+36]
	RtlSetCurrentTransaction [0x77CFA064+212]
	RtlSetCurrentTransaction [0x77CFA02F+159]
">
      <![CDATA[org.openqa.selenium.SessionNotCreatedException: session not created: This version of ChromeDriver only supports Chrome version 110
Current browser version is 112.0.5615.138 with binary path C:\Program Files\Google\Chrome\Application\chrome.exe
Build info: version: '3.141.59', revision: 'e82be7d358', time: '2018-11-14T08:17:03'
System info: host: 'DESKTOP-DHJEVHR', ip: '192.168.1.5', os.name: 'Windows 10', os.arch: 'amd64', os.version: '10.0', java.version: '17.0.1'
Driver info: driver.version: ChromeDriver
remote stacktrace: Backtrace:
(No symbol) [0x005637D3]
(No symbol) [0x004F8B81]
(No symbol) [0x003FB36D]
(No symbol) [0x0041ED6D]
(No symbol) [0x00419B90]
(No symbol) [0x00416FC9]
(No symbol) [0x00451ED5]
(No symbol) [0x00451B2C]
(No symbol) [0x0044B216]
(No symbol) [0x00420D97]
(No symbol) [0x0042253D]
GetHandleVerifier [0x007DABF2+2510930]
GetHandleVerifier [0x00808EC1+2700065]
GetHandleVerifier [0x0080C86C+2714828]
GetHandleVerifier [0x00613480+645344]
(No symbol) [0x00500FD2]
(No symbol) [0x00506C68]
(No symbol) [0x00506D4B]
(No symbol) [0x00510D6B]
BaseThreadInitThunk [0x775F3744+36]
RtlSetCurrentTransaction [0x77CFA064+212]
RtlSetCurrentTransaction [0x77CFA02F+159]

at org.openqa.selenium.remote.W3CHandshakeResponse.lambda$errorHandler$0(W3CHandshakeResponse.java:62)
at org.openqa.selenium.remote.HandshakeResponse.lambda$getResponseFunction$0(HandshakeResponse.java:30)
at org.openqa.selenium.remote.ProtocolHandshake.lambda$createSession$0(ProtocolHandshake.java:126)
at java.base/java.util.stream.ReferencePipeline$3$1.accept(ReferencePipeline.java:197)
at java.base/java.util.Spliterators$ArraySpliterator.tryAdvance(Spliterators.java:1002)
at java.base/java.util.stream.ReferencePipeline.forEachWithCancel(ReferencePipeline.java:129)
at java.base/java.util.stream.AbstractPipeline.copyIntoWithCancel(AbstractPipeline.java:527)
at java.base/java.util.stream.AbstractPipeline.copyInto(AbstractPipeline.java:513)
at java.base/java.util.stream.AbstractPipeline.wrapAndCopyInto(AbstractPipeline.java:499)
at java.base/java.util.stream.FindOps$FindOp.evaluateSequential(FindOps.java:150)
at java.base/java.util.stream.AbstractPipeline.evaluate(AbstractPipeline.java:234)
at java.base/java.util.stream.ReferencePipeline.findFirst(ReferencePipeline.java:647)
at org.openqa.selenium.remote.ProtocolHandshake.createSession(ProtocolHandshake.java:128)
at org.openqa.selenium.remote.ProtocolHandshake.createSession(ProtocolHandshake.java:74)
at org.openqa.selenium.remote.HttpCommandExecutor.execute(HttpCommandExecutor.java:136)
at org.openqa.selenium.remote.service.DriverCommandExecutor.execute(DriverCommandExecutor.java:83)
at org.openqa.selenium.remote.RemoteWebDriver.execute(RemoteWebDriver.java:552)
at org.openqa.selenium.remote.RemoteWebDriver.startSession(RemoteWebDriver.java:213)
at org.openqa.selenium.remote.RemoteWebDriver.<init>(RemoteWebDriver.java:131)
at org.openqa.selenium.chrome.ChromeDriver.<init>(ChromeDriver.java:181)
at org.openqa.selenium.chrome.ChromeDriver.<init>(ChromeDriver.java:168)
at org.openqa.selenium.chrome.ChromeDriver.<init>(ChromeDriver.java:123)
at com.TestNGBasics.LearningParameters.paraDemo(LearningParameters.java:19)
at java.base/java.util.ArrayList.forEach(ArrayList.java:1511)
at java.base/java.util.concurrent.FutureTask.run(FutureTask.java:264)
at java.base/java.util.concurrent.ThreadPoolExecutor.runWorker(ThreadPoolExecutor.java:1136)
at java.base/java.util.concurrent.ThreadPoolExecutor$Worker.run(ThreadPoolExecutor.java:635)
at java.base/java.lang.Thread.run(Thread.java:833)
... Removed 23 stack frames]]>
    </failure>
  </testcase> <!-- paraDemo -->
</testsuite> <!-- ChromeTest -->
